[  8%] [32m[1mLinking CXX executable /home/viswa/rotors_quad/ethquad_rotors/rotors_sim/devel/.private/path_planning/lib/path_planning/old_path_planning[0m
[ 16%] [32m[1mLinking CXX executable /home/viswa/rotors_quad/ethquad_rotors/rotors_sim/devel/.private/path_planning/lib/path_planning/goal_transform[0m
[35m[1mScanning dependencies of target path_planning_node[0m
[ 25%] [32mBuilding CXX object CMakeFiles/path_planning_node.dir/src/path_planning.cpp.o[0m
[ 33%] [32m[1mLinking CXX executable /home/viswa/rotors_quad/ethquad_rotors/rotors_sim/devel/.private/path_planning/lib/path_planning/scale[0m
[ 41%] [32m[1mLinking CXX executable /home/viswa/rotors_quad/ethquad_rotors/rotors_sim/devel/.private/path_planning/lib/path_planning/transform_pointcloud[0m
[ 50%] Built target goal_transform
[ 58%] [32m[1mLinking CXX executable /home/viswa/rotors_quad/ethquad_rotors/rotors_sim/devel/.private/path_planning/lib/path_planning/traj_gen[0m
[ 66%] Built target transform_pointcloud
[ 75%] Built target scale
[ 83%] Built target old_path_planning
[ 91%] Built target traj_gen
In file included from [01m[K/opt/ros/kinetic/include/ros/ros.h:40:0[m[K,
                 from [01m[K/home/viswa/rotors_quad/ethquad_rotors/rotors_sim/src/path_planning/src/path_planning.cpp:17[m[K:
[01m[K/home/viswa/rotors_quad/ethquad_rotors/rotors_sim/src/path_planning/src/path_planning.cpp:[m[K In member function ‘[01m[Kvoid planner::plan()[m[K’:
[01m[K/opt/ros/kinetic/include/ros/console.h:346:176:[m[K [01;35m[Kwarning: [m[Kformat ‘[01m[K%d[m[K’ expects argument of type ‘[01m[Kint[m[K’, but argument 8 has type ‘[01m[Kstd::vector<trajectory_msgs::MultiDOFJointTrajectoryPoint_<std::allocator<void> >, std::allocator<trajectory_msgs::MultiDOFJointTrajectoryPoint_<std::allocator<void> > > >::size_type {aka long unsigned int}[m[K’ [-Wformat=]
     ::ros::console::print(filter, __rosconsole_define_location__loc.logger_, __rosconsole_define_location__loc.level_, __FILE__, __LINE__, __ROSCONSOLE_FUNCTION__, __VA_ARGS__)
[01;32m[K                                                                                                                                                                                ^[m[K
[01m[K/opt/ros/kinetic/include/ros/console.h:349:5:[m[K [01;36m[Knote: [m[Kin expansion of macro ‘[01m[KROSCONSOLE_PRINT_AT_LOCATION_WITH_FILTER[m[K’
     ROSCONSOLE_PRINT_AT_LOCATION_WITH_FILTER(0, __VA_ARGS__)
[01;32m[K     ^[m[K
[01m[K/opt/ros/kinetic/include/ros/console.h:379:7:[m[K [01;36m[Knote: [m[Kin expansion of macro ‘[01m[KROSCONSOLE_PRINT_AT_LOCATION[m[K’
       ROSCONSOLE_PRINT_AT_LOCATION(__VA_ARGS__); \
[01;32m[K       ^[m[K
[01m[K/opt/ros/kinetic/include/ros/console.h:561:35:[m[K [01;36m[Knote: [m[Kin expansion of macro ‘[01m[KROS_LOG_COND[m[K’
 #define ROS_LOG(level, name, ...) ROS_LOG_COND(true, level, name, __VA_ARGS__)
[01;32m[K                                   ^[m[K
[01m[K/opt/ros/kinetic/include/rosconsole/macros_generated.h:110:23:[m[K [01;36m[Knote: [m[Kin expansion of macro ‘[01m[KROS_LOG[m[K’
 #define ROS_INFO(...) ROS_LOG(::ros::console::levels::Info, ROSCONSOLE_DEFAULT_NAME, __VA_ARGS__)
[01;32m[K                       ^[m[K
[01m[K/home/viswa/rotors_quad/ethquad_rotors/rotors_sim/src/path_planning/src/path_planning.cpp:278:4:[m[K [01;36m[Knote: [m[Kin expansion of macro ‘[01m[KROS_INFO[m[K’
    ROS_INFO("Number of Waypoints published: %d", msg.points.size());
[01;32m[K    ^[m[K
[100%] [32m[1mLinking CXX executable /home/viswa/rotors_quad/ethquad_rotors/rotors_sim/devel/.private/path_planning/lib/path_planning/path_planning_node[0m
/usr/bin/ld: warning: liboctomath.so.1.8, needed by /opt/ros/kinetic/lib/liboctomap.so, may conflict with liboctomath.so.1.6
[100%] Built target path_planning_node
