Determining if the pthread_create exist failed with the following output:
Change Dir: /home/viswa/rotors_quad/ethquad_rotors/rotors_sim/build/nlopt/CMakeFiles/CMakeTmp

Run Build Command:"/usr/bin/make" "cmTC_c7749/fast"
/usr/bin/make -f CMakeFiles/cmTC_c7749.dir/build.make CMakeFiles/cmTC_c7749.dir/build
make[1]: Entering directory '/home/viswa/rotors_quad/ethquad_rotors/rotors_sim/build/nlopt/CMakeFiles/CMakeTmp'
Building C object CMakeFiles/cmTC_c7749.dir/CheckSymbolExists.c.o
/usr/bin/cc     -o CMakeFiles/cmTC_c7749.dir/CheckSymbolExists.c.o   -c /home/viswa/rotors_quad/ethquad_rotors/rotors_sim/build/nlopt/CMakeFiles/CMakeTmp/CheckSymbolExists.c
Linking C executable cmTC_c7749
/usr/bin/cmake -E cmake_link_script CMakeFiles/cmTC_c7749.dir/link.txt --verbose=1
/usr/bin/cc       CMakeFiles/cmTC_c7749.dir/CheckSymbolExists.c.o  -o cmTC_c7749 -rdynamic 
CMakeFiles/cmTC_c7749.dir/CheckSymbolExists.c.o: In function `main':
CheckSymbolExists.c:(.text+0x16): undefined reference to `pthread_create'
collect2: error: ld returned 1 exit status
CMakeFiles/cmTC_c7749.dir/build.make:97: recipe for target 'cmTC_c7749' failed
make[1]: *** [cmTC_c7749] Error 1
make[1]: Leaving directory '/home/viswa/rotors_quad/ethquad_rotors/rotors_sim/build/nlopt/CMakeFiles/CMakeTmp'
Makefile:126: recipe for target 'cmTC_c7749/fast' failed
make: *** [cmTC_c7749/fast] Error 2

File /home/viswa/rotors_quad/ethquad_rotors/rotors_sim/build/nlopt/CMakeFiles/CMakeTmp/CheckSymbolExists.c:
/* */
#include <pthread.h>

int main(int argc, char** argv)
{
  (void)argv;
#ifndef pthread_create
  return ((int*)(&pthread_create))[argc];
#else
  (void)argc;
  return 0;
#endif
}

Determining if the function pthread_create exists in the pthreads failed with the following output:
Change Dir: /home/viswa/rotors_quad/ethquad_rotors/rotors_sim/build/nlopt/CMakeFiles/CMakeTmp

Run Build Command:"/usr/bin/make" "cmTC_5611c/fast"
/usr/bin/make -f CMakeFiles/cmTC_5611c.dir/build.make CMakeFiles/cmTC_5611c.dir/build
make[1]: Entering directory '/home/viswa/rotors_quad/ethquad_rotors/rotors_sim/build/nlopt/CMakeFiles/CMakeTmp'
Building C object CMakeFiles/cmTC_5611c.dir/CheckFunctionExists.c.o
/usr/bin/cc    -DCHECK_FUNCTION_EXISTS=pthread_create   -o CMakeFiles/cmTC_5611c.dir/CheckFunctionExists.c.o   -c /usr/share/cmake-3.5/Modules/CheckFunctionExists.c
Linking C executable cmTC_5611c
/usr/bin/cmake -E cmake_link_script CMakeFiles/cmTC_5611c.dir/link.txt --verbose=1
/usr/bin/cc   -DCHECK_FUNCTION_EXISTS=pthread_create    CMakeFiles/cmTC_5611c.dir/CheckFunctionExists.c.o  -o cmTC_5611c -rdynamic -lpthreads 
/usr/bin/ld: cannot find -lpthreads
collect2: error: ld returned 1 exit status
CMakeFiles/cmTC_5611c.dir/build.make:97: recipe for target 'cmTC_5611c' failed
make[1]: *** [cmTC_5611c] Error 1
make[1]: Leaving directory '/home/viswa/rotors_quad/ethquad_rotors/rotors_sim/build/nlopt/CMakeFiles/CMakeTmp'
Makefile:126: recipe for target 'cmTC_5611c/fast' failed
make: *** [cmTC_5611c/fast] Error 2


