[35m[1mScanning dependencies of target mav_msgs_generate_messages_py[0m
[35m[1mScanning dependencies of target actionlib_msgs_generate_messages_py[0m
[35m[1mScanning dependencies of target trajectory_msgs_generate_messages_cpp[0m
[35m[1mScanning dependencies of target trajectory_msgs_generate_messages_eus[0m
[35m[1mScanning dependencies of target geometry_msgs_generate_messages_eus[0m
[35m[1mScanning dependencies of target roscpp_generate_messages_py[0m
[  0%] Built target trajectory_msgs_generate_messages_eus
[  0%] Built target trajectory_msgs_generate_messages_cpp
[  0%] Built target actionlib_msgs_generate_messages_py
[  0%] Built target mav_msgs_generate_messages_py
[  0%] Built target geometry_msgs_generate_messages_eus
[  0%] Built target roscpp_generate_messages_py
[35m[1mScanning dependencies of target actionlib_generate_messages_eus[0m
[35m[1mScanning dependencies of target sensor_msgs_generate_messages_eus[0m
[35m[1mScanning dependencies of target mav_msgs_generate_messages_nodejs[0m
[35m[1mScanning dependencies of target mav_msgs_generate_messages_eus[0m
[  0%] Built target actionlib_generate_messages_eus
[  0%] Built target mav_msgs_generate_messages_nodejs
[  0%] Built target sensor_msgs_generate_messages_eus
[  0%] Built target mav_msgs_generate_messages_eus
[35m[1mScanning dependencies of target geometry_msgs_generate_messages_lisp[0m
[35m[1mScanning dependencies of target nav_msgs_generate_messages_cpp[0m
[35m[1mScanning dependencies of target sensor_msgs_generate_messages_lisp[0m
[  0%] Built target geometry_msgs_generate_messages_lisp
[  0%] Built target nav_msgs_generate_messages_cpp
[  0%] Built target sensor_msgs_generate_messages_lisp
[35m[1mScanning dependencies of target trajectory_msgs_generate_messages_nodejs[0m
[35m[1mScanning dependencies of target nav_msgs_generate_messages_lisp[0m
[35m[1mScanning dependencies of target nav_msgs_generate_messages_nodejs[0m
[  0%] Built target trajectory_msgs_generate_messages_nodejs
[  0%] Built target nav_msgs_generate_messages_lisp
[  0%] Built target nav_msgs_generate_messages_nodejs
[35m[1mScanning dependencies of target std_msgs_generate_messages_cpp[0m
[35m[1mScanning dependencies of target actionlib_msgs_generate_messages_nodejs[0m
[35m[1mScanning dependencies of target trajectory_msgs_generate_messages_py[0m
[  0%] Built target std_msgs_generate_messages_cpp
[  0%] Built target actionlib_msgs_generate_messages_nodejs
[  0%] Built target trajectory_msgs_generate_messages_py
[35m[1mScanning dependencies of target std_msgs_generate_messages_eus[0m
[35m[1mScanning dependencies of target roscpp_generate_messages_cpp[0m
[35m[1mScanning dependencies of target sensor_msgs_generate_messages_nodejs[0m
[  0%] Built target std_msgs_generate_messages_eus
[  0%] Built target roscpp_generate_messages_cpp
[  0%] Built target sensor_msgs_generate_messages_nodejs
[35m[1mScanning dependencies of target actionlib_generate_messages_cpp[0m
[35m[1mScanning dependencies of target geometry_msgs_generate_messages_nodejs[0m
[  0%] Built target actionlib_generate_messages_cpp
[  0%] Built target geometry_msgs_generate_messages_nodejs
[35m[1mScanning dependencies of target geometry_msgs_generate_messages_py[0m
[  0%] Built target geometry_msgs_generate_messages_py
[35m[1mScanning dependencies of target mav_msgs_generate_messages_cpp[0m
[35m[1mScanning dependencies of target actionlib_msgs_generate_messages_lisp[0m
[  0%] Built target mav_msgs_generate_messages_cpp
[  0%] Built target actionlib_msgs_generate_messages_lisp
[35m[1mScanning dependencies of target roscpp_generate_messages_nodejs[0m
[35m[1mScanning dependencies of target std_msgs_generate_messages_lisp[0m
[35m[1mScanning dependencies of target std_msgs_generate_messages_nodejs[0m
[  0%] Built target roscpp_generate_messages_nodejs
[  0%] Built target std_msgs_generate_messages_lisp
[35m[1mScanning dependencies of target std_msgs_generate_messages_py[0m
[  0%] Built target std_msgs_generate_messages_nodejs
[35m[1mScanning dependencies of target rosgraph_msgs_generate_messages_cpp[0m
[35m[1mScanning dependencies of target roscpp_generate_messages_lisp[0m
[  0%] Built target std_msgs_generate_messages_py
[35m[1mScanning dependencies of target rosgraph_msgs_generate_messages_eus[0m
[35m[1mScanning dependencies of target rosgraph_msgs_generate_messages_lisp[0m
[  0%] Built target roscpp_generate_messages_lisp
[  0%] Built target rosgraph_msgs_generate_messages_cpp
[  0%] Built target rosgraph_msgs_generate_messages_eus
[  0%] Built target rosgraph_msgs_generate_messages_lisp
[35m[1mScanning dependencies of target rosgraph_msgs_generate_messages_nodejs[0m
[  0%] Built target rosgraph_msgs_generate_messages_nodejs
[35m[1mScanning dependencies of target actionlib_msgs_generate_messages_eus[0m
[  0%] Built target actionlib_msgs_generate_messages_eus
[35m[1mScanning dependencies of target roscpp_generate_messages_eus[0m
[  0%] Built target roscpp_generate_messages_eus
[35m[1mScanning dependencies of target laser_assembler_generate_messages_lisp[0m
[  0%] Built target laser_assembler_generate_messages_lisp
[35m[1mScanning dependencies of target rosgraph_msgs_generate_messages_py[0m
[  0%] Built target rosgraph_msgs_generate_messages_py
[35m[1mScanning dependencies of target sensor_msgs_generate_messages_cpp[0m
[  0%] Built target sensor_msgs_generate_messages_cpp
[35m[1mScanning dependencies of target sensor_msgs_generate_messages_py[0m
[  0%] Built target sensor_msgs_generate_messages_py
[35m[1mScanning dependencies of target tf_generate_messages_py[0m
[  0%] Built target tf_generate_messages_py
[35m[1mScanning dependencies of target laser_assembler_generate_messages_cpp[0m
[  0%] Built target laser_assembler_generate_messages_cpp
[35m[1mScanning dependencies of target laser_assembler_generate_messages_eus[0m
[  0%] Built target laser_assembler_generate_messages_eus
[35m[1mScanning dependencies of target laser_assembler_generate_messages_nodejs[0m
[  0%] Built target laser_assembler_generate_messages_nodejs
[35m[1mScanning dependencies of target trajectory_msgs_generate_messages_lisp[0m
[  0%] Built target trajectory_msgs_generate_messages_lisp
[35m[1mScanning dependencies of target laser_assembler_generate_messages_py[0m
[  0%] Built target laser_assembler_generate_messages_py
[35m[1mScanning dependencies of target actionlib_msgs_generate_messages_cpp[0m
[  0%] Built target actionlib_msgs_generate_messages_cpp
[35m[1mScanning dependencies of target tf_generate_messages_eus[0m
[  0%] Built target tf_generate_messages_eus
[35m[1mScanning dependencies of target tf_generate_messages_lisp[0m
[35m[1mScanning dependencies of target mav_msgs_generate_messages_lisp[0m
[  0%] Built target tf_generate_messages_lisp
[  0%] Built target mav_msgs_generate_messages_lisp
[35m[1mScanning dependencies of target tf_generate_messages_nodejs[0m
[35m[1mScanning dependencies of target geometry_msgs_generate_messages_cpp[0m
[  0%] Built target tf_generate_messages_nodejs
[  0%] Built target geometry_msgs_generate_messages_cpp
[35m[1mScanning dependencies of target actionlib_generate_messages_lisp[0m
[35m[1mScanning dependencies of target tf_generate_messages_cpp[0m
[  0%] Built target actionlib_generate_messages_lisp
[  0%] Built target tf_generate_messages_cpp
[35m[1mScanning dependencies of target actionlib_generate_messages_nodejs[0m
[35m[1mScanning dependencies of target tf2_msgs_generate_messages_cpp[0m
[  0%] Built target actionlib_generate_messages_nodejs
[  0%] Built target tf2_msgs_generate_messages_cpp
[35m[1mScanning dependencies of target nav_msgs_generate_messages_eus[0m
[35m[1mScanning dependencies of target tf2_msgs_generate_messages_eus[0m
[  0%] Built target nav_msgs_generate_messages_eus
[  0%] Built target tf2_msgs_generate_messages_eus
[35m[1mScanning dependencies of target nav_msgs_generate_messages_py[0m
[35m[1mScanning dependencies of target tf2_msgs_generate_messages_lisp[0m
[  0%] Built target tf2_msgs_generate_messages_lisp
[  0%] Built target nav_msgs_generate_messages_py
[35m[1mScanning dependencies of target actionlib_generate_messages_py[0m
[  0%] Built target actionlib_generate_messages_py
[35m[1mScanning dependencies of target tf2_msgs_generate_messages_py[0m
[35m[1mScanning dependencies of target tf2_msgs_generate_messages_nodejs[0m
[  0%] Built target tf2_msgs_generate_messages_py
[  0%] Built target tf2_msgs_generate_messages_nodejs
[35m[1mScanning dependencies of target pcl_pcl2[0m
[  8%] [32mBuilding CXX object CMakeFiles/pcl_pcl2.dir/src/nodes/pcl_pcl2.cpp.o[0m
[35m[1mScanning dependencies of target periodic_snapshotter[0m
[ 16%] [32mBuilding CXX object CMakeFiles/periodic_snapshotter.dir/src/nodes/periodic_snapshotter.cpp.o[0m
[ 25%] [32m[1mLinking CXX executable /home/quad/viswa_ws/Rotors_sim/devel/.private/rotors_control/lib/rotors_control/periodic_snapshotter[0m
[ 25%] Built target periodic_snapshotter
[35m[1mScanning dependencies of target roll_pitch_yawrate_thrust_controller[0m
[35m[1mScanning dependencies of target lee_position_controller[0m
[ 33%] [32mBuilding CXX object CMakeFiles/lee_position_controller.dir/src/library/lee_position_controller.cpp.o[0m
[ 41%] [32mBuilding CXX object CMakeFiles/roll_pitch_yawrate_thrust_controller.dir/src/library/roll_pitch_yawrate_thrust_controller.cpp.o[0m
[ 50%] [32m[1mLinking CXX executable /home/quad/viswa_ws/Rotors_sim/devel/.private/rotors_control/lib/rotors_control/pcl_pcl2[0m
[ 50%] Built target pcl_pcl2
[ 58%] [32m[1mLinking CXX shared library /home/quad/viswa_ws/Rotors_sim/devel/.private/rotors_control/lib/libroll_pitch_yawrate_thrust_controller.so[0m
[ 58%] Built target roll_pitch_yawrate_thrust_controller
[35m[1mScanning dependencies of target roll_pitch_yawrate_thrust_controller_node[0m
[ 66%] [32mBuilding CXX object CMakeFiles/roll_pitch_yawrate_thrust_controller_node.dir/src/nodes/roll_pitch_yawrate_thrust_controller_node.cpp.o[0m
[ 75%] [32m[1mLinking CXX shared library /home/quad/viswa_ws/Rotors_sim/devel/.private/rotors_control/lib/liblee_position_controller.so[0m
[ 75%] Built target lee_position_controller
[35m[1mScanning dependencies of target lee_position_controller_node[0m
[ 83%] [32mBuilding CXX object CMakeFiles/lee_position_controller_node.dir/src/nodes/lee_position_controller_node.cpp.o[0m
[ 91%] [32m[1mLinking CXX executable /home/quad/viswa_ws/Rotors_sim/devel/.private/rotors_control/lib/rotors_control/roll_pitch_yawrate_thrust_controller_node[0m
[ 91%] Built target roll_pitch_yawrate_thrust_controller_node
[100%] [32m[1mLinking CXX executable /home/quad/viswa_ws/Rotors_sim/devel/.private/rotors_control/lib/rotors_control/lee_position_controller_node[0m
[100%] Built target lee_position_controller_node
