Not searching for unused variables given on the command line.
[36m--[0m The C compiler identification is GNU 5.4.0
[36m--[0m The CXX compiler identification is GNU 5.4.0
[36m--[0m Check for working C compiler: /usr/bin/cc
[36m--[0m Check for working C compiler: /usr/bin/cc -- works
[36m--[0m Detecting C compiler ABI info
[36m--[0m Detecting C compiler ABI info - done
[36m--[0m Detecting C compile features
[36m--[0m Detecting C compile features - done
[36m--[0m Check for working CXX compiler: /usr/bin/c++
[36m--[0m Check for working CXX compiler: /usr/bin/c++ -- works
[36m--[0m Detecting CXX compiler ABI info
[36m--[0m Detecting CXX compiler ABI info - done
[36m--[0m Detecting CXX compile features
[36m--[0m Detecting CXX compile features - done
[36m--[0m Using CATKIN_DEVEL_PREFIX: /home/quad/viswa_ws/Rotors_sim/devel/.private/rotors_control
[36m--[0m Using CMAKE_PREFIX_PATH: /home/quad/viswa_ws/hector_slam/devel;/home/quad/viswa_ws/slam_gmapping/devel;/home/quad/viswa_ws/velodyne/devel;/home/quad/viswa_ws/ethzasl_icp_mapping/devel;/home/quad/viswa_ws/Rotors_sim/devel;/home/quad/kinect/devel;/home/quad/loitor_ws/devel;/home/quad/catkin_ws/devel;/opt/ros/kinetic;/home/quad/viswa_ws/gflags/devel;/home/quad/viswa_ws/laser_filters/devel;/home/quad/viswa_ws/laser_geometry/devel
[36m--[0m This workspace overlays: /home/quad/viswa_ws/hector_slam/devel;/home/quad/viswa_ws/slam_gmapping/devel;/home/quad/viswa_ws/velodyne/devel;/home/quad/viswa_ws/ethzasl_icp_mapping/devel;/home/quad/viswa_ws/Rotors_sim/devel;/home/quad/kinect/devel;/home/quad/loitor_ws/devel;/home/quad/catkin_ws/devel;/opt/ros/kinetic
[36m--[0m Found PythonInterp: /usr/bin/python (found version "2.7.12")
[36m--[0m Using PYTHON_EXECUTABLE: /usr/bin/python
[36m--[0m Using Debian Python package layout
[36m--[0m Using empy: /usr/bin/empy
[36m--[0m Using CATKIN_ENABLE_TESTING: ON
[36m--[0m Call enable_testing()
[36m--[0m Using CATKIN_TEST_RESULTS_DIR: /home/quad/viswa_ws/Rotors_sim/build/rotors_control/test_results
[36m--[0m Found gtest: gtests will be built
[36m--[0m Using Python nosetests: /usr/bin/nosetests-2.7
[36m--[0m catkin 0.7.14
[36m--[0m Using these message generators: gencpp;geneus;genlisp;gennodejs;genpy
[36m--[0m Found PkgConfig: /usr/bin/pkg-config (found version "0.29.1")
[36m--[0m Checking for module 'eigen3'
[36m--[0m   Found eigen3, version 3.2.10
[33m[1mCMake Warning[0m at /opt/ros/kinetic/share/cmake_modules/cmake/Modules/FindEigen.cmake:62 (message):
  The FindEigen.cmake Module in the cmake_modules package is deprecated.

  Please use the FindEigen3.cmake Module provided with Eigen.  Change
  instances of find_package(Eigen) to find_package(Eigen3).  Check the
  FindEigen3.cmake Module for the resulting CMake variable names.

[36mCall Stack (most recent call first):[0m
  CMakeLists.txt:16 (find_package)


[36m--[0m Found Eigen: /usr/local/include/eigen3
[36m--[0m Eigen found (include: /usr/local/include/eigen3)
[36m--[0m Configuring done
CMake Warning (dev) at CMakeLists.txt:65 (add_dependencies):
  Policy CMP0046 is not set: Error on non-existent dependency in
  add_dependencies.  Run "cmake --help-policy CMP0046" for policy details.
  Use the cmake_policy command to set the policy and suppress this warning.

  The dependency target "$(catkin_EXPORTED_TARGETS)" of target "pcl_pcl2"
  does not exist.
This warning is for project developers.  Use -Wno-dev to suppress it.

CMake Warning (dev) at CMakeLists.txt:61 (add_dependencies):
  Policy CMP0046 is not set: Error on non-existent dependency in
  add_dependencies.  Run "cmake --help-policy CMP0046" for policy details.
  Use the cmake_policy command to set the policy and suppress this warning.

  The dependency target "$(catkin_EXPORTED_TARGETS)" of target
  "periodic_snapshotter" does not exist.
This warning is for project developers.  Use -Wno-dev to suppress it.

[36m--[0m Generating done
[36m--[0m Build files have been written to: /home/quad/viswa_ws/Rotors_sim/build/rotors_control
