Determining if the pthread_create exist failed with the following output:
Change Dir: /home/viswa/rotors_quad/ethquad_rotors/rotors_sim/build/catkin_tools_prebuild/CMakeFiles/CMakeTmp

Run Build Command:"/usr/bin/make" "cmTC_1852c/fast"
/usr/bin/make -f CMakeFiles/cmTC_1852c.dir/build.make CMakeFiles/cmTC_1852c.dir/build
make[1]: Entering directory '/home/viswa/rotors_quad/ethquad_rotors/rotors_sim/build/catkin_tools_prebuild/CMakeFiles/CMakeTmp'
Building C object CMakeFiles/cmTC_1852c.dir/CheckSymbolExists.c.o
/usr/bin/cc     -o CMakeFiles/cmTC_1852c.dir/CheckSymbolExists.c.o   -c /home/viswa/rotors_quad/ethquad_rotors/rotors_sim/build/catkin_tools_prebuild/CMakeFiles/CMakeTmp/CheckSymbolExists.c
Linking C executable cmTC_1852c
/usr/bin/cmake -E cmake_link_script CMakeFiles/cmTC_1852c.dir/link.txt --verbose=1
/usr/bin/cc       CMakeFiles/cmTC_1852c.dir/CheckSymbolExists.c.o  -o cmTC_1852c -rdynamic 
CMakeFiles/cmTC_1852c.dir/CheckSymbolExists.c.o: In function `main':
CheckSymbolExists.c:(.text+0x16): undefined reference to `pthread_create'
collect2: error: ld returned 1 exit status
CMakeFiles/cmTC_1852c.dir/build.make:97: recipe for target 'cmTC_1852c' failed
make[1]: *** [cmTC_1852c] Error 1
make[1]: Leaving directory '/home/viswa/rotors_quad/ethquad_rotors/rotors_sim/build/catkin_tools_prebuild/CMakeFiles/CMakeTmp'
Makefile:126: recipe for target 'cmTC_1852c/fast' failed
make: *** [cmTC_1852c/fast] Error 2

File /home/viswa/rotors_quad/ethquad_rotors/rotors_sim/build/catkin_tools_prebuild/CMakeFiles/CMakeTmp/CheckSymbolExists.c:
/* */
#include <pthread.h>

int main(int argc, char** argv)
{
  (void)argv;
#ifndef pthread_create
  return ((int*)(&pthread_create))[argc];
#else
  (void)argc;
  return 0;
#endif
}

Determining if the function pthread_create exists in the pthreads failed with the following output:
Change Dir: /home/viswa/rotors_quad/ethquad_rotors/rotors_sim/build/catkin_tools_prebuild/CMakeFiles/CMakeTmp

Run Build Command:"/usr/bin/make" "cmTC_7043d/fast"
/usr/bin/make -f CMakeFiles/cmTC_7043d.dir/build.make CMakeFiles/cmTC_7043d.dir/build
make[1]: Entering directory '/home/viswa/rotors_quad/ethquad_rotors/rotors_sim/build/catkin_tools_prebuild/CMakeFiles/CMakeTmp'
Building C object CMakeFiles/cmTC_7043d.dir/CheckFunctionExists.c.o
/usr/bin/cc    -DCHECK_FUNCTION_EXISTS=pthread_create   -o CMakeFiles/cmTC_7043d.dir/CheckFunctionExists.c.o   -c /usr/share/cmake-3.5/Modules/CheckFunctionExists.c
Linking C executable cmTC_7043d
/usr/bin/cmake -E cmake_link_script CMakeFiles/cmTC_7043d.dir/link.txt --verbose=1
/usr/bin/cc   -DCHECK_FUNCTION_EXISTS=pthread_create    CMakeFiles/cmTC_7043d.dir/CheckFunctionExists.c.o  -o cmTC_7043d -rdynamic -lpthreads 
/usr/bin/ld: cannot find -lpthreads
collect2: error: ld returned 1 exit status
CMakeFiles/cmTC_7043d.dir/build.make:97: recipe for target 'cmTC_7043d' failed
make[1]: *** [cmTC_7043d] Error 1
make[1]: Leaving directory '/home/viswa/rotors_quad/ethquad_rotors/rotors_sim/build/catkin_tools_prebuild/CMakeFiles/CMakeTmp'
Makefile:126: recipe for target 'cmTC_7043d/fast' failed
make: *** [cmTC_7043d/fast] Error 2


