Determining if the pthread_create exist failed with the following output:
Change Dir: /home/quad/viswa_ws/Rotors_sim/build/rotors_gazebo/CMakeFiles/CMakeTmp

Run Build Command:"/usr/bin/make" "cmTC_5505a/fast"
/usr/bin/make -f CMakeFiles/cmTC_5505a.dir/build.make CMakeFiles/cmTC_5505a.dir/build
make[1]: Entering directory '/home/quad/viswa_ws/Rotors_sim/build/rotors_gazebo/CMakeFiles/CMakeTmp'
Building C object CMakeFiles/cmTC_5505a.dir/CheckSymbolExists.c.o
/usr/bin/cc     -o CMakeFiles/cmTC_5505a.dir/CheckSymbolExists.c.o   -c /home/quad/viswa_ws/Rotors_sim/build/rotors_gazebo/CMakeFiles/CMakeTmp/CheckSymbolExists.c
Linking C executable cmTC_5505a
/usr/bin/cmake -E cmake_link_script CMakeFiles/cmTC_5505a.dir/link.txt --verbose=1
/usr/bin/cc       CMakeFiles/cmTC_5505a.dir/CheckSymbolExists.c.o  -o cmTC_5505a -rdynamic 
CMakeFiles/cmTC_5505a.dir/CheckSymbolExists.c.o: In function `main':
CheckSymbolExists.c:(.text+0x16): undefined reference to `pthread_create'
collect2: error: ld returned 1 exit status
CMakeFiles/cmTC_5505a.dir/build.make:97: recipe for target 'cmTC_5505a' failed
make[1]: *** [cmTC_5505a] Error 1
make[1]: Leaving directory '/home/quad/viswa_ws/Rotors_sim/build/rotors_gazebo/CMakeFiles/CMakeTmp'
Makefile:126: recipe for target 'cmTC_5505a/fast' failed
make: *** [cmTC_5505a/fast] Error 2

File /home/quad/viswa_ws/Rotors_sim/build/rotors_gazebo/CMakeFiles/CMakeTmp/CheckSymbolExists.c:
/* */
#include <pthread.h>

int main(int argc, char** argv)
{
  (void)argv;
#ifndef pthread_create
  return ((int*)(&pthread_create))[argc];
#else
  (void)argc;
  return 0;
#endif
}

Determining if the function pthread_create exists in the pthreads failed with the following output:
Change Dir: /home/quad/viswa_ws/Rotors_sim/build/rotors_gazebo/CMakeFiles/CMakeTmp

Run Build Command:"/usr/bin/make" "cmTC_6c3fc/fast"
/usr/bin/make -f CMakeFiles/cmTC_6c3fc.dir/build.make CMakeFiles/cmTC_6c3fc.dir/build
make[1]: Entering directory '/home/quad/viswa_ws/Rotors_sim/build/rotors_gazebo/CMakeFiles/CMakeTmp'
Building C object CMakeFiles/cmTC_6c3fc.dir/CheckFunctionExists.c.o
/usr/bin/cc    -DCHECK_FUNCTION_EXISTS=pthread_create   -o CMakeFiles/cmTC_6c3fc.dir/CheckFunctionExists.c.o   -c /usr/share/cmake-3.5/Modules/CheckFunctionExists.c
Linking C executable cmTC_6c3fc
/usr/bin/cmake -E cmake_link_script CMakeFiles/cmTC_6c3fc.dir/link.txt --verbose=1
/usr/bin/cc   -DCHECK_FUNCTION_EXISTS=pthread_create    CMakeFiles/cmTC_6c3fc.dir/CheckFunctionExists.c.o  -o cmTC_6c3fc -rdynamic -lpthreads 
/usr/bin/ld: cannot find -lpthreads
collect2: error: ld returned 1 exit status
CMakeFiles/cmTC_6c3fc.dir/build.make:97: recipe for target 'cmTC_6c3fc' failed
make[1]: *** [cmTC_6c3fc] Error 1
make[1]: Leaving directory '/home/quad/viswa_ws/Rotors_sim/build/rotors_gazebo/CMakeFiles/CMakeTmp'
Makefile:126: recipe for target 'cmTC_6c3fc/fast' failed
make: *** [cmTC_6c3fc/fast] Error 2


